<?xml version="1.0" encoding="UTF-8"?>
<!-- Generated by org.testng.reporters.JUnitXMLReporter -->
<testsuite ignored="0" hostname="DESKTOP-CM3EHTM" failures="0" tests="4" name="Default test" time="27.332" errors="0" timestamp="2024-12-30T16:22:48 IST">
  <testcase classname="testngvalidationprogram.dataprovider_demo" name="testvalidation" time="6.368"/>
  <testcase classname="testngvalidationprogram.dataprovider_demo" name="testvalidation" time="4.82"/>
  <testcase classname="testngvalidationprogram.dataprovider_demo" name="testvalidation" time="7.229"/>
  <testcase classname="testngvalidationprogram.dataprovider_demo" name="testvalidation" time="8.847"/>
</testsuite> <!-- Default test -->
